<?xml version="1.0" encoding="UTF-8"?>
<!-- Generated by org.testng.reporters.JUnitReportReporter -->
<testsuite hostname="Arafeh" failures="0" tests="7" name="codenboxautomationlab1.codenboxautomationlab1.AppTest" time="10.667" errors="0" timestamp="2025-04-21T20:21:11 AST" skipped="2">
  <testcase classname="codenboxautomationlab1.codenboxautomationlab1.AppTest" name="SelectTest" time="2.112"/>
  <testcase classname="codenboxautomationlab1.codenboxautomationlab1.AppTest" name="SelectTest" time="2.207"/>
  <testcase classname="codenboxautomationlab1.codenboxautomationlab1.AppTest" name="SelectTest" time="2.109"/>
  <testcase classname="codenboxautomationlab1.codenboxautomationlab1.AppTest" name="SelectTest" time="2.106"/>
  <testcase classname="codenboxautomationlab1.codenboxautomationlab1.AppTest" name="SelectTest" time="2.133"/>
  <testcase classname="codenboxautomationlab1.codenboxautomationlab1.AppTest" name="RadioButton">
    <skipped/>
  </testcase> <!-- RadioButton -->
  <testcase classname="codenboxautomationlab1.codenboxautomationlab1.AppTest" name="Dynamic_Dropdown">
    <skipped/>
  </testcase> <!-- Dynamic_Dropdown -->
</testsuite> <!-- codenboxautomationlab1.codenboxautomationlab1.AppTest -->
